[INFO] Scanning for projects...
[INFO] 
[INFO] ----------------------< com.collegefest:booking >-----------------------
[INFO] Building CollegeFestBooking 0.0.1-SNAPSHOT
[INFO]   from pom.xml
[INFO] --------------------------------[ jar ]---------------------------------
[INFO] 
[INFO] --- clean:3.3.2:clean (default-clean) @ booking ---
[INFO] Deleting C:\Users\Ashmit\Downloads\booking\target
[INFO] 
[INFO] --- resources:3.3.1:resources (default-resources) @ booking ---
[INFO] Copying 3 resources from src\main\resources to target\classes
[INFO] Copying 2 resources from src\main\resources to target\classes
[INFO] 
[INFO] --- compiler:3.11.0:compile (default-compile) @ booking ---
[INFO] Changes detected - recompiling the module! :source
[INFO] Compiling 95 source files with javac [debug release 17] to target\classes
[INFO] /C:/Users/Ashmit/Downloads/booking/src/main/java/com/collegefest/booking/security/JwtTokenProvider.java: C:\Users\Ashmit\Downloads\booking\src\main\java\com\collegefest\booking\security\JwtTokenProvider.java uses or overrides a deprecated API.
[INFO] /C:/Users/Ashmit/Downloads/booking/src/main/java/com/collegefest/booking/security/JwtTokenProvider.java: Recompile with -Xlint:deprecation for details.
[INFO] -------------------------------------------------------------
[WARNING] COMPILATION WARNING : 
[INFO] -------------------------------------------------------------
[WARNING] /C:/Users/Ashmit/Downloads/booking/src/main/java/com/collegefest/booking/dto/response/AuthResponseDTO.java:[15,20] @Builder will ignore the initializing expression entirely. If you want the initializing expression to serve as default, add @Builder.Default. If it is not supposed to be settable during building, make the field final.
[INFO] 1 warning
[INFO] -------------------------------------------------------------
[INFO] -------------------------------------------------------------
[ERROR] COMPILATION ERROR : 
[INFO] -------------------------------------------------------------
[ERROR] /C:/Users/Ashmit/Downloads/booking/src/main/java/com/collegefest/booking/config/DataSeederConfig.java:[207,21] cannot find symbol
  symbol:   method createdAt(java.time.LocalDateTime)
  location: class com.collegefest.booking.entity.PriceTier.PriceTierBuilder
[ERROR] /C:/Users/Ashmit/Downloads/booking/src/main/java/com/collegefest/booking/config/DataSeederConfig.java:[216,21] cannot find symbol
  symbol:   method createdAt(java.time.LocalDateTime)
  location: class com.collegefest.booking.entity.PriceTier.PriceTierBuilder
[ERROR] /C:/Users/Ashmit/Downloads/booking/src/main/java/com/collegefest/booking/config/DataSeederConfig.java:[225,21] cannot find symbol
  symbol:   method createdAt(java.time.LocalDateTime)
  location: class com.collegefest.booking.entity.PriceTier.PriceTierBuilder
[ERROR] /C:/Users/Ashmit/Downloads/booking/src/main/java/com/collegefest/booking/config/DataSeederConfig.java:[235,21] cannot find symbol
  symbol:   method createdAt(java.time.LocalDateTime)
  location: class com.collegefest.booking.entity.PriceTier.PriceTierBuilder
[ERROR] /C:/Users/Ashmit/Downloads/booking/src/main/java/com/collegefest/booking/config/DataSeederConfig.java:[244,21] cannot find symbol
  symbol:   method createdAt(java.time.LocalDateTime)
  location: class com.collegefest.booking.entity.PriceTier.PriceTierBuilder
[ERROR] /C:/Users/Ashmit/Downloads/booking/src/main/java/com/collegefest/booking/config/DataSeederConfig.java:[254,21] cannot find symbol
  symbol:   method createdAt(java.time.LocalDateTime)
  location: class com.collegefest.booking.entity.PriceTier.PriceTierBuilder
[ERROR] /C:/Users/Ashmit/Downloads/booking/src/main/java/com/collegefest/booking/config/DataSeederConfig.java:[263,21] cannot find symbol
  symbol:   method createdAt(java.time.LocalDateTime)
  location: class com.collegefest.booking.entity.PriceTier.PriceTierBuilder
[ERROR] /C:/Users/Ashmit/Downloads/booking/src/main/java/com/collegefest/booking/config/DataSeederConfig.java:[273,21] cannot find symbol
  symbol:   method createdAt(java.time.LocalDateTime)
  location: class com.collegefest.booking.entity.PriceTier.PriceTierBuilder
[ERROR] /C:/Users/Ashmit/Downloads/booking/src/main/java/com/collegefest/booking/config/DataSeederConfig.java:[282,21] cannot find symbol
  symbol:   method createdAt(java.time.LocalDateTime)
  location: class com.collegefest.booking.entity.PriceTier.PriceTierBuilder
[ERROR] /C:/Users/Ashmit/Downloads/booking/src/main/java/com/collegefest/booking/config/DataSeederConfig.java:[292,21] cannot find symbol
  symbol:   method createdAt(java.time.LocalDateTime)
  location: class com.collegefest.booking.entity.PriceTier.PriceTierBuilder
[INFO] 10 errors 
[INFO] -------------------------------------------------------------
[INFO] ------------------------------------------------------------------------
[INFO] BUILD FAILURE
[INFO] ------------------------------------------------------------------------
[INFO] Total time:  4.134 s
[INFO] Finished at: 2026-02-01T20:22:20+05:30
[INFO] ------------------------------------------------------------------------
[ERROR] Failed to execute goal org.apache.maven.plugins:maven-compiler-plugin:3.11.0:compile (default-compile) on project booking: Compilation failure: Compilation failure: 
[ERROR] /C:/Users/Ashmit/Downloads/booking/src/main/java/com/collegefest/booking/config/DataSeederConfig.java:[207,21] cannot find symbol
[ERROR]   symbol:   method createdAt(java.time.LocalDateTime)
[ERROR]   location: class com.collegefest.booking.entity.PriceTier.PriceTierBuilder
[ERROR] /C:/Users/Ashmit/Downloads/booking/src/main/java/com/collegefest/booking/config/DataSeederConfig.java:[216,21] cannot find symbol
[ERROR]   symbol:   method createdAt(java.time.LocalDateTime)
[ERROR]   location: class com.collegefest.booking.entity.PriceTier.PriceTierBuilder
[ERROR] /C:/Users/Ashmit/Downloads/booking/src/main/java/com/collegefest/booking/config/DataSeederConfig.java:[225,21] cannot find symbol
[ERROR]   symbol:   method createdAt(java.time.LocalDateTime)
[ERROR]   location: class com.collegefest.booking.entity.PriceTier.PriceTierBuilder
[ERROR] /C:/Users/Ashmit/Downloads/booking/src/main/java/com/collegefest/booking/config/DataSeederConfig.java:[235,21] cannot find symbol
[ERROR]   symbol:   method createdAt(java.time.LocalDateTime)
[ERROR]   location: class com.collegefest.booking.entity.PriceTier.PriceTierBuilder
[ERROR] /C:/Users/Ashmit/Downloads/booking/src/main/java/com/collegefest/booking/config/DataSeederConfig.java:[244,21] cannot find symbol
[ERROR]   symbol:   method createdAt(java.time.LocalDateTime)
[ERROR]   location: class com.collegefest.booking.entity.PriceTier.PriceTierBuilder
[ERROR] /C:/Users/Ashmit/Downloads/booking/src/main/java/com/collegefest/booking/config/DataSeederConfig.java:[254,21] cannot find symbol
[ERROR]   symbol:   method createdAt(java.time.LocalDateTime)
[ERROR]   location: class com.collegefest.booking.entity.PriceTier.PriceTierBuilder
[ERROR] /C:/Users/Ashmit/Downloads/booking/src/main/java/com/collegefest/booking/config/DataSeederConfig.java:[263,21] cannot find symbol
[ERROR]   symbol:   method createdAt(java.time.LocalDateTime)
[ERROR]   location: class com.collegefest.booking.entity.PriceTier.PriceTierBuilder
[ERROR] /C:/Users/Ashmit/Downloads/booking/src/main/java/com/collegefest/booking/config/DataSeederConfig.java:[273,21] cannot find symbol
[ERROR]   symbol:   method createdAt(java.time.LocalDateTime)
[ERROR]   location: class com.collegefest.booking.entity.PriceTier.PriceTierBuilder
[ERROR] /C:/Users/Ashmit/Downloads/booking/src/main/java/com/collegefest/booking/config/DataSeederConfig.java:[282,21] cannot find symbol
[ERROR]   symbol:   method createdAt(java.time.LocalDateTime)
[ERROR]   location: class com.collegefest.booking.entity.PriceTier.PriceTierBuilder
[ERROR] /C:/Users/Ashmit/Downloads/booking/src/main/java/com/collegefest/booking/config/DataSeederConfig.java:[292,21] cannot find symbol
[ERROR]   symbol:   method createdAt(java.time.LocalDateTime)
[ERROR]   location: class com.collegefest.booking.entity.PriceTier.PriceTierBuilder
[ERROR] -> [Help 1]
[ERROR] 
[ERROR] To see the full stack trace of the errors, re-run Maven with the -e switch.
[ERROR] Re-run Maven using the -X switch to enable full debug logging.
[ERROR] 
[ERROR] For more information about the errors and possible solutions, please read the following articles:
[ERROR] [Help 1] http://cwiki.apache.org/confluence/display/MAVEN/MojoFailureException
